0 info it worked if it ends with ok
1 verbose cli [ 'node', '/usr/local/bin/npm', 'install', '-g', 'grunt-cli' ]
2 info using npm@2.5.1
3 info using node@v0.12.0
4 silly cache add args [ 'grunt-cli', null ]
5 verbose cache add spec grunt-cli
6 silly cache add parsed spec { raw: 'grunt-cli',
6 silly cache add   scope: null,
6 silly cache add   name: 'grunt-cli',
6 silly cache add   rawSpec: '',
6 silly cache add   spec: '*',
6 silly cache add   type: 'range' }
7 verbose addNamed grunt-cli@*
8 silly addNamed semver.valid null
9 silly addNamed semver.validRange *
10 silly addNameRange { name: 'grunt-cli', range: '*', hasData: false }
11 silly mapToRegistry name grunt-cli
12 silly mapToRegistry using default registry
13 silly mapToRegistry registry https://registry.npmjs.org/
14 silly mapToRegistry uri https://registry.npmjs.org/grunt-cli
15 verbose addNameRange registry:https://registry.npmjs.org/grunt-cli not in flight; fetching
16 verbose request uri https://registry.npmjs.org/grunt-cli
17 verbose request no auth needed
18 info attempt registry request try #1 at 1:02:09 PM
19 verbose request id 77c4258bf8b78231
20 verbose etag "8MIDUSS81SHCZ2EKBOQW06E0V"
21 http request GET https://registry.npmjs.org/grunt-cli
22 http 200 https://registry.npmjs.org/grunt-cli
23 silly get cb [ 200,
23 silly get   { server: 'CouchDB/1.5.0 (Erlang OTP/R16B03)',
23 silly get     etag: '"R9SQS5LX1DW0ZKLWTOW1QL3B"',
23 silly get     'content-type': 'application/json',
23 silly get     'cache-control': 'max-age=60',
23 silly get     'content-length': '21126',
23 silly get     'accept-ranges': 'bytes',
23 silly get     date: 'Tue, 07 Jul 2015 05:02:10 GMT',
23 silly get     via: '1.1 varnish',
23 silly get     age: '19',
23 silly get     connection: 'keep-alive',
23 silly get     'x-served-by': 'cache-nrt6121-NRT',
23 silly get     'x-cache': 'HIT',
23 silly get     'x-cache-hits': '2',
23 silly get     'x-timer': 'S1436245330.340770,VS0,VE0',
23 silly get     vary: 'Accept' } ]
24 verbose get saving grunt-cli to /Users/hongjianqing/.npm/registry.npmjs.org/grunt-cli/.cache.json
25 silly addNameRange number 2 { name: 'grunt-cli', range: '*', hasData: true }
26 silly addNameRange versions [ 'grunt-cli',
26 silly addNameRange   [ '0.1.0',
26 silly addNameRange     '0.1.1',
26 silly addNameRange     '0.1.2',
26 silly addNameRange     '0.1.3',
26 silly addNameRange     '0.1.4',
26 silly addNameRange     '0.1.5',
26 silly addNameRange     '0.1.6',
26 silly addNameRange     '0.1.7',
26 silly addNameRange     '0.1.8',
26 silly addNameRange     '0.1.9',
26 silly addNameRange     '0.1.10',
26 silly addNameRange     '0.1.11',
26 silly addNameRange     '0.1.12',
26 silly addNameRange     '0.1.13' ] ]
27 verbose addNamed grunt-cli@0.1.13
28 silly addNamed semver.valid 0.1.13
29 silly addNamed semver.validRange 0.1.13
30 silly cache afterAdd grunt-cli@0.1.13
31 verbose afterAdd /Users/hongjianqing/.npm/grunt-cli/0.1.13/package/package.json not in flight; writing
32 verbose afterAdd /Users/hongjianqing/.npm/grunt-cli/0.1.13/package/package.json written
33 silly install resolved [ { name: 'grunt-cli',
33 silly install resolved     description: 'The grunt command line interface.',
33 silly install resolved     version: '0.1.13',
33 silly install resolved     author: { name: 'Grunt Team' },
33 silly install resolved     homepage: 'http://gruntjs.com/',
33 silly install resolved     repository: { type: 'git', url: 'git://github.com/gruntjs/grunt-cli.git' },
33 silly install resolved     bugs: { url: 'http://github.com/gruntjs/grunt-cli/issues' },
33 silly install resolved     licenses: [ [Object] ],
33 silly install resolved     bin: { grunt: 'bin/grunt' },
33 silly install resolved     engines: { node: '>= 0.8.0' },
33 silly install resolved     scripts: { test: 'node bin/grunt test' },
33 silly install resolved     preferGlobal: true,
33 silly install resolved     dependencies: { nopt: '~1.0.10', 'findup-sync': '~0.1.0', resolve: '~0.3.1' },
33 silly install resolved     devDependencies: { grunt: '~0.4.0', 'grunt-contrib-jshint': '~0.2.0' },
33 silly install resolved     contributors: [ [Object], [Object], [Object], [Object] ],
33 silly install resolved     _id: 'grunt-cli@0.1.13',
33 silly install resolved     dist:
33 silly install resolved      { shasum: 'e9ebc4047631f5012d922770c39378133cad10f4',
33 silly install resolved        tarball: 'http://registry.npmjs.org/grunt-cli/-/grunt-cli-0.1.13.tgz' },
33 silly install resolved     _from: 'grunt-cli@*',
33 silly install resolved     _npmVersion: '1.3.24',
33 silly install resolved     _npmUser: { name: 'tkellen', email: 'tyler@sleekcode.net' },
33 silly install resolved     maintainers: [ [Object] ],
33 silly install resolved     directories: {},
33 silly install resolved     _shasum: 'e9ebc4047631f5012d922770c39378133cad10f4',
33 silly install resolved     _resolved: 'https://registry.npmjs.org/grunt-cli/-/grunt-cli-0.1.13.tgz',
33 silly install resolved     readme: 'ERROR: No README data found!' } ]
34 info install grunt-cli@0.1.13 into /usr/local/lib
35 info installOne grunt-cli@0.1.13
36 verbose installOne of grunt-cli to /usr/local/lib not in flight; installing
37 verbose lock using /Users/hongjianqing/.npm/_locks/grunt-cli-58f484dab06f0a30.lock for /usr/local/lib/node_modules/grunt-cli
38 silly install write writing grunt-cli 0.1.13 to /usr/local/lib/node_modules/grunt-cli
39 silly cache addNamed cb grunt-cli@0.1.13
40 verbose unbuild lib/node_modules/grunt-cli
41 info preuninstall grunt-cli@0.1.13
42 info uninstall grunt-cli@0.1.13
43 verbose unbuild rmStuff grunt-cli@0.1.13 from /usr/local/lib/node_modules
44 verbose gentlyRm verifying that /usr/local is managed by npm
45 silly isManaged /usr/local is not inside /usr/local/lib/node_modules
46 silly isManaged /usr/local is not inside /usr/local/lib/node_modules
47 silly isManaged /usr/local/bin is inside /usr/local
48 silly gentlyRm /usr/local is managed by npm
49 silly gentlyRm /usr/local/bin/grunt is under /usr/local
50 verbose gentlyRm vacuuming /usr/local/bin/grunt up to /usr/local
51 silly gentlyRm removing /usr/local/bin/grunt
52 verbose unlock done using /Users/hongjianqing/.npm/_locks/grunt-cli-58f484dab06f0a30.lock for /usr/local/lib/node_modules/grunt-cli
53 verbose stack Error: EACCES, unlink '/usr/local/bin/grunt'
53 verbose stack     at Error (native)
54 verbose cwd /Users/hongjianqing/Documents/项目/sisuo-porject/火影忍者/tx_naruto-master
55 error Darwin 14.3.0
56 error argv "node" "/usr/local/bin/npm" "install" "-g" "grunt-cli"
57 error node v0.12.0
58 error npm  v2.5.1
59 error path /usr/local/bin/grunt
60 error code EACCES
61 error errno -13
62 error Error: EACCES, unlink '/usr/local/bin/grunt'
62 error     at Error (native)
62 error  { [Error: EACCES, unlink '/usr/local/bin/grunt'] errno: -13, code: 'EACCES', path: '/usr/local/bin/grunt' }
63 error Please try running this command again as root/Administrator.
64 verbose exit [ -13, true ]
65 verbose unbuild lib/node_modules/grunt-cli
66 info preuninstall grunt-cli@0.1.13
67 info uninstall grunt-cli@0.1.13
68 verbose unbuild rmStuff grunt-cli@0.1.13 from /usr/local/lib/node_modules
69 verbose gentlyRm verifying that /usr/local is managed by npm
70 silly isManaged /usr/local is not inside /usr/local/lib/node_modules
71 silly isManaged /usr/local is not inside /usr/local/lib/node_modules
72 silly isManaged /usr/local is not inside /usr/local/bin
73 silly isManaged /usr/local is inside /usr/local
74 silly gentlyRm /usr/local is managed by npm
75 silly gentlyRm /usr/local/bin/grunt is under /usr/local
76 verbose gentlyRm vacuuming /usr/local/bin/grunt up to /usr/local
77 silly gentlyRm removing /usr/local/bin/grunt
78 error error rolling back Error: EACCES, unlink '/usr/local/bin/grunt'
78 error error rolling back     at Error (native)
78 error error rolling back  { [Error: EACCES, unlink '/usr/local/bin/grunt'] errno: -13, code: 'EACCES', path: '/usr/local/bin/grunt' }
